{"__type":"$$EventMessageAudit","id":"ad68e612-5999-48a0-a85f-509fac166fd5","ts":"2025-12-13T09:50:18.958+00:00","eventName":"n8n.audit.workflow.created","message":"n8n.audit.workflow.created","payload":{"userId":"4dd1808b-3e2d-4201-8a78-3f3dfeedb1cb","_email":"chiuweilun1107@gmail.com","_firstName":"Young-Zen","_lastName":"Chiu","globalRole":"global:owner","workflowId":"SZ4BOhfdnzhsa8H2","workflowName":"WF01-Document-Parsing"}}
{"__type":"$$EventMessageConfirm","confirm":"ad68e612-5999-48a0-a85f-509fac166fd5","ts":"2025-12-13T09:50:18.958+00:00","source":{"id":"0","name":"eventBus"}}
{"__type":"$$EventMessageAudit","id":"26ef1b73-4a20-4658-b147-2d9754c96647","ts":"2025-12-13T09:50:19.053+00:00","eventName":"n8n.audit.workflow.updated","message":"n8n.audit.workflow.updated","payload":{"userId":"4dd1808b-3e2d-4201-8a78-3f3dfeedb1cb","_email":"chiuweilun1107@gmail.com","_firstName":"Young-Zen","_lastName":"Chiu","globalRole":"global:owner","workflowId":"SZ4BOhfdnzhsa8H2","workflowName":"WF01-Document-Parsing"}}
{"__type":"$$EventMessageConfirm","confirm":"26ef1b73-4a20-4658-b147-2d9754c96647","ts":"2025-12-13T09:50:19.053+00:00","source":{"id":"0","name":"eventBus"}}
{"__type":"$$EventMessageWorkflow","id":"7741d2a3-6414-416f-bda2-063e1580d699","ts":"2025-12-13T04:53:00.848-05:00","eventName":"n8n.workflow.started","message":"n8n.workflow.started","payload":{"executionId":"1","workflowId":"SZ4BOhfdnzhsa8H2","isManual":false,"workflowName":"WF01-Document-Parsing"}}
{"__type":"$$EventMessageConfirm","confirm":"7741d2a3-6414-416f-bda2-063e1580d699","ts":"2025-12-13T04:53:00.848-05:00","source":{"id":"0","name":"eventBus"}}
{"__type":"$$EventMessageNode","id":"72ad87b6-6c72-426d-ac41-3f10402866c9","ts":"2025-12-13T04:53:00.849-05:00","eventName":"n8n.node.started","message":"n8n.node.started","payload":{"workflowId":"SZ4BOhfdnzhsa8H2","workflowName":"WF01-Document-Parsing","executionId":"1","nodeType":"n8n-nodes-base.webhook","nodeName":"Webhook","nodeId":"ac3c7e4c-812d-4398-8f7d-678d491fdc04"}}
{"__type":"$$EventMessageConfirm","confirm":"72ad87b6-6c72-426d-ac41-3f10402866c9","ts":"2025-12-13T04:53:00.849-05:00","source":{"id":"0","name":"eventBus"}}
{"__type":"$$EventMessageNode","id":"833ca40a-15be-4db2-b187-a7f9e4691d1c","ts":"2025-12-13T04:53:00.849-05:00","eventName":"n8n.node.finished","message":"n8n.node.finished","payload":{"workflowId":"SZ4BOhfdnzhsa8H2","workflowName":"WF01-Document-Parsing","executionId":"1","nodeType":"n8n-nodes-base.webhook","nodeName":"Webhook","nodeId":"ac3c7e4c-812d-4398-8f7d-678d491fdc04"}}
{"__type":"$$EventMessageConfirm","confirm":"833ca40a-15be-4db2-b187-a7f9e4691d1c","ts":"2025-12-13T04:53:00.849-05:00","source":{"id":"0","name":"eventBus"}}
{"__type":"$$EventMessageNode","id":"5efb86a5-6414-4995-8566-a825faead532","ts":"2025-12-13T04:53:00.849-05:00","eventName":"n8n.node.started","message":"n8n.node.started","payload":{"workflowId":"SZ4BOhfdnzhsa8H2","workflowName":"WF01-Document-Parsing","executionId":"1","nodeType":"n8n-nodes-base.code","nodeName":"Mock Parser","nodeId":"7e09be34-fe02-40dc-9537-cfb55f08a248"}}
{"__type":"$$EventMessageConfirm","confirm":"5efb86a5-6414-4995-8566-a825faead532","ts":"2025-12-13T04:53:00.849-05:00","source":{"id":"0","name":"eventBus"}}
{"__type":"$$EventMessageNode","id":"26ffc1ad-67c9-4412-9787-3e71a72ad42e","ts":"2025-12-13T04:53:00.859-05:00","eventName":"n8n.node.finished","message":"n8n.node.finished","payload":{"workflowId":"SZ4BOhfdnzhsa8H2","workflowName":"WF01-Document-Parsing","executionId":"1","nodeType":"n8n-nodes-base.code","nodeName":"Mock Parser","nodeId":"7e09be34-fe02-40dc-9537-cfb55f08a248"}}
{"__type":"$$EventMessageConfirm","confirm":"26ffc1ad-67c9-4412-9787-3e71a72ad42e","ts":"2025-12-13T04:53:00.859-05:00","source":{"id":"0","name":"eventBus"}}
{"__type":"$$EventMessageWorkflow","id":"7f9bae93-4144-4295-8cbf-14f52fc929a0","ts":"2025-12-13T04:53:00.860-05:00","eventName":"n8n.workflow.success","message":"n8n.workflow.success","payload":{"executionId":"1","success":true,"isManual":false,"workflowId":"SZ4BOhfdnzhsa8H2","workflowName":"WF01-Document-Parsing"}}
{"__type":"$$EventMessageConfirm","confirm":"7f9bae93-4144-4295-8cbf-14f52fc929a0","ts":"2025-12-13T04:53:00.860-05:00","source":{"id":"0","name":"eventBus"}}
{"__type":"$$EventMessageAudit","id":"90cb1425-9d97-4779-80dd-7ac2764dabfc","ts":"2025-12-13T05:00:44.291-05:00","eventName":"n8n.audit.user.api.created","message":"n8n.audit.user.api.created","payload":{"userId":"4dd1808b-3e2d-4201-8a78-3f3dfeedb1cb","_email":"chiuweilun1107@gmail.com","_firstName":"Young-Zen","_lastName":"Chiu","globalRole":"global:owner"}}
{"__type":"$$EventMessageConfirm","confirm":"90cb1425-9d97-4779-80dd-7ac2764dabfc","ts":"2025-12-13T05:00:44.291-05:00","source":{"id":"0","name":"eventBus"}}
{"__type":"$$EventMessageAudit","id":"9aa20361-18ab-4a7d-ae86-86cccc2fa53c","ts":"2025-12-13T05:02:37.702-05:00","eventName":"n8n.audit.workflow.updated","message":"n8n.audit.workflow.updated","payload":{"userId":"4dd1808b-3e2d-4201-8a78-3f3dfeedb1cb","_email":"chiuweilun1107@gmail.com","_firstName":"Young-Zen","_lastName":"Chiu","globalRole":"global:owner","workflowId":"SZ4BOhfdnzhsa8H2","workflowName":"WF01-Document-Parsing"}}
{"__type":"$$EventMessageConfirm","confirm":"9aa20361-18ab-4a7d-ae86-86cccc2fa53c","ts":"2025-12-13T05:02:37.702-05:00","source":{"id":"0","name":"eventBus"}}
{"__type":"$$EventMessageAudit","id":"b3ad9702-1532-4a70-b58c-11fa8d03586d","ts":"2025-12-13T05:29:54.479-05:00","eventName":"n8n.audit.user.credentials.created","message":"n8n.audit.user.credentials.created","payload":{"userId":"4dd1808b-3e2d-4201-8a78-3f3dfeedb1cb","_email":"chiuweilun1107@gmail.com","_firstName":"Young-Zen","_lastName":"Chiu","globalRole":"global:owner","credentialType":"supabaseApi","credentialId":"pGnnz6nN3MmPuvSg","projectId":"CDPgK27v26ud2T2c","projectType":"personal","publicApi":true}}
{"__type":"$$EventMessageConfirm","confirm":"b3ad9702-1532-4a70-b58c-11fa8d03586d","ts":"2025-12-13T05:29:54.479-05:00","source":{"id":"0","name":"eventBus"}}
{"__type":"$$EventMessageAudit","id":"7e84f62b-bab8-4f74-a04d-9fb282d5b956","ts":"2025-12-13T05:34:10.569-05:00","eventName":"n8n.audit.user.credentials.created","message":"n8n.audit.user.credentials.created","payload":{"userId":"4dd1808b-3e2d-4201-8a78-3f3dfeedb1cb","_email":"chiuweilun1107@gmail.com","_firstName":"Young-Zen","_lastName":"Chiu","globalRole":"global:owner","credentialType":"supabaseApi","credentialId":"j78lMs0gMxPzkl79","projectId":"CDPgK27v26ud2T2c","projectType":"personal","publicApi":true}}
{"__type":"$$EventMessageConfirm","confirm":"7e84f62b-bab8-4f74-a04d-9fb282d5b956","ts":"2025-12-13T05:34:10.570-05:00","source":{"id":"0","name":"eventBus"}}
{"__type":"$$EventMessageAudit","id":"6308027e-e3ef-4b26-8d47-39553d4dcfe4","ts":"2025-12-13T05:34:10.600-05:00","eventName":"n8n.audit.user.credentials.created","message":"n8n.audit.user.credentials.created","payload":{"userId":"4dd1808b-3e2d-4201-8a78-3f3dfeedb1cb","_email":"chiuweilun1107@gmail.com","_firstName":"Young-Zen","_lastName":"Chiu","globalRole":"global:owner","credentialType":"httpHeaderAuth","credentialId":"zpOpVrd0AAHkACns","projectId":"CDPgK27v26ud2T2c","projectType":"personal","publicApi":true}}
{"__type":"$$EventMessageConfirm","confirm":"6308027e-e3ef-4b26-8d47-39553d4dcfe4","ts":"2025-12-13T05:34:10.600-05:00","source":{"id":"0","name":"eventBus"}}
{"__type":"$$EventMessageAudit","id":"729b6ace-08ab-4263-807a-6b47c50ce74b","ts":"2025-12-13T05:35:10.227-05:00","eventName":"n8n.audit.workflow.updated","message":"n8n.audit.workflow.updated","payload":{"userId":"4dd1808b-3e2d-4201-8a78-3f3dfeedb1cb","_email":"chiuweilun1107@gmail.com","_firstName":"Young-Zen","_lastName":"Chiu","globalRole":"global:owner","workflowId":"SZ4BOhfdnzhsa8H2","workflowName":"WF01-Document-Parsing"}}
{"__type":"$$EventMessageConfirm","confirm":"729b6ace-08ab-4263-807a-6b47c50ce74b","ts":"2025-12-13T05:35:10.227-05:00","source":{"id":"0","name":"eventBus"}}
{"__type":"$$EventMessageAudit","id":"9778b848-3c37-451c-bfe9-4ee068164196","ts":"2025-12-13T05:46:25.774-05:00","eventName":"n8n.audit.workflow.updated","message":"n8n.audit.workflow.updated","payload":{"userId":"4dd1808b-3e2d-4201-8a78-3f3dfeedb1cb","_email":"chiuweilun1107@gmail.com","_firstName":"Young-Zen","_lastName":"Chiu","globalRole":"global:owner","workflowId":"SZ4BOhfdnzhsa8H2","workflowName":"WF01-Document-Parsing"}}
{"__type":"$$EventMessageConfirm","confirm":"9778b848-3c37-451c-bfe9-4ee068164196","ts":"2025-12-13T05:46:25.775-05:00","source":{"id":"0","name":"eventBus"}}
{"__type":"$$EventMessageAudit","id":"deb8bc6c-c478-401b-bae6-528f3d924196","ts":"2025-12-13T05:59:18.839-05:00","eventName":"n8n.audit.workflow.updated","message":"n8n.audit.workflow.updated","payload":{"userId":"4dd1808b-3e2d-4201-8a78-3f3dfeedb1cb","_email":"chiuweilun1107@gmail.com","_firstName":"Young-Zen","_lastName":"Chiu","globalRole":"global:owner","workflowId":"SZ4BOhfdnzhsa8H2","workflowName":"WF01-Document-Parsing"}}
{"__type":"$$EventMessageConfirm","confirm":"deb8bc6c-c478-401b-bae6-528f3d924196","ts":"2025-12-13T05:59:18.839-05:00","source":{"id":"0","name":"eventBus"}}
